# JRE version: Java(TM) SE Runtime Environment 18.9 (11.0.7+8) (build 11.0.7+8-LTS)
# Java VM: Java HotSpot(TM) 64-Bit Server VM 18.9 (11.0.7+8-LTS, mixed mode, tiered, compressed oops, g1 gc, windows-amd64)
Heap:
 garbage-first heap   total 1372160K, used 29035K [0x0000000081400000, 0x0000000100000000)
  region size 1024K, 9 young (9216K), 8 survivors (8192K)
 Metaspace       used 65910K, capacity 67763K, committed 67992K, reserved 1107968K
  class space    used 8394K, capacity 9092K, committed 9196K, reserved 1048576K
GC Heap History (10 events):
Event: 5.225 GC heap before
{Heap before GC invocations=8 (full 0):
 garbage-first heap   total 131072K, used 43975K [0x0000000081400000, 0x0000000100000000)
  region size 1024K, 35 young (35840K), 6 survivors (6144K)
 Metaspace       used 34219K, capacity 35481K, committed 35628K, reserved 1081344K
  class space    used 4251K, capacity 4736K, committed 4736K, reserved 1048576K
}
Event: 5.234 GC heap after
{Heap after GC invocations=9 (full 0):
 garbage-first heap   total 131072K, used 16858K [0x0000000081400000, 0x0000000100000000)
  region size 1024K, 6 young (6144K), 6 survivors (6144K)
 Metaspace       used 34219K, capacity 35481K, committed 35628K, reserved 1081344K
  class space    used 4251K, capacity 4736K, committed 4736K, reserved 1048576K
}
Event: 6.381 GC heap before
{Heap before GC invocations=10 (full 0):
 garbage-first heap   total 131072K, used 88538K [0x0000000081400000, 0x0000000100000000)
  region size 1024K, 76 young (77824K), 6 survivors (6144K)
 Metaspace       used 44815K, capacity 46196K, committed 46252K, reserved 1089536K
  class space    used 5564K, capacity 6097K, committed 6144K, reserved 1048576K
}
Event: 6.391 GC heap after
{Heap after GC invocations=11 (full 0):
 garbage-first heap   total 186368K, used 21791K [0x0000000081400000, 0x0000000100000000)
  region size 1024K, 10 young (10240K), 10 survivors (10240K)
 Metaspace       used 44815K, capacity 46196K, committed 46252K, reserved 1089536K
  class space    used 5564K, capacity 6097K, committed 6144K, reserved 1048576K
}
Event: 7.240 GC heap before
{Heap before GC invocations=11 (full 0):
 garbage-first heap   total 186368K, used 123167K [0x0000000081400000, 0x0000000100000000)
  region size 1024K, 109 young (111616K), 10 survivors (10240K)
 Metaspace       used 55342K, capacity 56897K, committed 57132K, reserved 1099776K
  class space    used 7119K, capacity 7713K, committed 7808K, reserved 1048576K
}
Event: 7.251 GC heap after
{Heap after GC invocations=12 (full 0):
 garbage-first heap   total 186368K, used 26146K [0x0000000081400000, 0x0000000100000000)
  region size 1024K, 11 young (11264K), 11 survivors (11264K)
 Metaspace       used 55342K, capacity 56897K, committed 57132K, reserved 1099776K
  class space    used 7119K, capacity 7713K, committed 7808K, reserved 1048576K
}
Event: 7.552 GC heap before
{Heap before GC invocations=12 (full 0):
 garbage-first heap   total 186368K, used 49698K [0x0000000081400000, 0x0000000100000000)
  region size 1024K, 35 young (35840K), 11 survivors (11264K)
 Metaspace       used 57900K, capacity 59511K, committed 59564K, reserved 1101824K
  class space    used 7537K, capacity 8152K, committed 8192K, reserved 1048576K
}
Event: 7.562 GC heap after
{Heap after GC invocations=13 (full 0):
 garbage-first heap   total 186368K, used 27466K [0x0000000081400000, 0x0000000100000000)
  region size 1024K, 6 young (6144K), 6 survivors (6144K)
 Metaspace       used 57900K, capacity 59511K, committed 59564K, reserved 1101824K
  class space    used 7537K, capacity 8152K, committed 8192K, reserved 1048576K
}
Event: 8.682 GC heap before
{Heap before GC invocations=14 (full 0):
 garbage-first heap   total 186368K, used 86858K [0x0000000081400000, 0x0000000100000000)
  region size 1024K, 65 young (66560K), 6 survivors (6144K)
 Metaspace       used 65910K, capacity 67763K, committed 67992K, reserved 1107968K
  class space    used 8394K, capacity 9092K, committed 9196K, reserved 1048576K
}
Event: 8.691 GC heap after
{Heap after GC invocations=15 (full 0):
 garbage-first heap   total 186368K, used 29035K [0x0000000081400000, 0x0000000100000000)
  region size 1024K, 8 young (8192K), 8 survivors (8192K)
 Metaspace       used 65910K, capacity 67763K, committed 67992K, reserved 1107968K
  class space    used 8394K, capacity 9092K, committed 9196K, reserved 1048576K
}

